n128
GPU 0: NVIDIA GeForce RTX 4090 (UUID: GPU-5f7d41c1-6c6d-f1fe-d19b-f0dabaf8463f)
/var/spool/slurmd/job4700923/slurm_script: line 11: module: command not found

	****************************************************
	*                       __,,,,_                    *
	*        _ __..-;''`--/'/ /.',-`-.                 *
	*    (`/' ` |  \ \ \ / / / / .-'/`,_               *
	*   /'`\ \   |  \ | \| // // / -.,/_,'-,           *
	*  /<7' ;  \ \  | ; ||/ /| | \/    |`-/,/-.,_,/')  *
	* /  _.-, `,-\,__|  _-| / \ \/|_/  |    '-/.;.'    *
	* `-`  f/ ;      / __/ \__ `/ |__/ |               *
	*      `-'      |  -| =|\_  \  |-' |               *
	*            __/   /_..-' `  ),'  //               *
	*           ((__.-'((___..-'' \__.'                *
	*                                                  *
	****************************************************
	
            BEGINNING PROCESSING          
*********************************************
           INPUT_DIR:  inputs/outdoor_reolink_01/a
          OUTPUT_DIR:  outputs/outdoor_reolink_01
       MODEL WEIGHTS:  md_v5a.0.0.pt
   SAMPLING INTERVAL:  1.0 seconds
    PADDING DURATION:  5.0 seconds
  CONCURRENT WORKERS:  8
DISABLE PROGRESS BAR:  True
             USE GPU:  True
         REPORT FILE:  reports/outdoor_reolink_01.csv
*********************************************


Found 350 MP4 files
Starting up streaming worker process #2
In inference_worker()...
Starting up streaming worker process #0
Starting up streaming worker process #3
Starting up streaming worker process #4
Starting up streaming worker process #1
Starting up reporting worker process...
Starting up streaming worker process #6
Starting up streaming worker process #7
Starting up streaming worker process #5
pid=00: Processing video 1/44: inputs/outdoor_reolink_01/a/01_20230701175959.mp4
Using GPU
GPU Count =  1
Detected 1 CUDA GPUs
Device 0: b'NVIDIA GeForce RTX 4090', Memory : (98.56% free): 23GB(total), 23GB (free), 352MB (used)
pid=02: Processing video 1/44: inputs/outdoor_reolink_01/a/01_20230704095958_part1.mp4
pid=06: Processing video 1/43: inputs/outdoor_reolink_01/a/01_20230630175959_part1.mp4
pid=03: Processing video 1/44: inputs/outdoor_reolink_01/a/01_20230703013923.mp4
AI model loaded!
pid=04: Processing video 1/44: inputs/outdoor_reolink_01/a/01_20230703185959.mp4
pid=01: Processing video 1/44: inputs/outdoor_reolink_01/a/01_20230704035956.mp4
pid=05: Processing video 1/44: inputs/outdoor_reolink_01/a/01_20230630065959.mp4
pid=07: Processing video 1/43: inputs/outdoor_reolink_01/a/01_20230627200000.mp4
Error:  Could not read frame chunk: 690
pid=04: Processing video 2/44: inputs/outdoor_reolink_01/a/01_20230628095958_part1.mp4
Error:  Could not read frame chunk: 1286
pid=03: Processing video 2/44: inputs/outdoor_reolink_01/a/01_20230703005956.mp4
Error:  Could not read frame chunk: 1573
pid=06: Processing video 2/43: inputs/outdoor_reolink_01/a/01_20230628155958.mp4
Error:  Could not read frame chunk: 2028
pid=07: Processing video 2/43: inputs/outdoor_reolink_01/a/01_20230701175959_part1.mp4
Error:  Could not read frame chunk: 2028
pid=05: Processing video 2/44: inputs/outdoor_reolink_01/a/01_20230702185959.mp4
Error:  Could not read frame chunk: 1573
pid=04: Processing video 3/44: inputs/outdoor_reolink_01/a/01_20230706055958.mp4
Error:  Could not read frame chunk: 2028
pid=00: Processing video 2/44: inputs/outdoor_reolink_01/a/01_20230628205958.mp4
Error:  Could not read frame chunk: 2468
pid=03: Processing video 3/44: inputs/outdoor_reolink_01/a/01_20230705045957.mp4
Error:  Could not read frame chunk: 3752
pid=01: Processing video 2/44: inputs/outdoor_reolink_01/a/01_20230627175958_part1.mp4
Error:  Could not read frame chunk: 2028
pid=06: Processing video 3/43: inputs/outdoor_reolink_01/a/01_20230629175958_part1.mp4
Error:  Could not read frame chunk: 1573
pid=07: Processing video 3/43: inputs/outdoor_reolink_01/a/01_20230704055957_part1.mp4
Error:  Could not read frame chunk: 1573
Error:  Could not read frame chunk: 1574
Error:  Could not read frame chunk: 1575
pid=02: Processing video 2/44: inputs/outdoor_reolink_01/a/01_20230702085959.mp4
Error:  Could not read frame chunk: 2028
pid=05: Processing video 3/44: inputs/outdoor_reolink_01/a/01_20230705182646.mp4
Error:  Could not read frame chunk: 1573
pid=01: Processing video 3/44: inputs/outdoor_reolink_01/a/01_20230629155958_part1.mp4
Error:  Could not read frame chunk: 2171
pid=04: Processing video 4/44: inputs/outdoor_reolink_01/a/01_20230705065958_part1.mp4
Error:  Could not read frame chunk: 1581
pid=06: Processing video 4/43: inputs/outdoor_reolink_01/a/01_20230630205959.mp4
Process Process-1:
Traceback (most recent call last):
  File "/mnt/ceph/sheneman/miniconda3/lib/python3.8/multiprocessing/process.py", line 315, in _bootstrap
    self.run()
  File "/mnt/ceph/sheneman/miniconda3/lib/python3.8/multiprocessing/process.py", line 108, in run
    self._target(*self._args, **self._kwargs)
  File "/mnt/ceph/sheneman/src/tiger/tigervid/tigervid.py", line 118, in reporting_worker
    min_conf  = min(confidences)
ValueError: min() arg is an empty sequence
Error:  Could not read frame chunk: 1511
pid=07: Processing video 4/43: inputs/outdoor_reolink_01/a/01_20230701135959.mp4
Error:  Could not read frame chunk: 3355
pid=00: Processing video 3/44: inputs/outdoor_reolink_01/a/01_20230629045959.mp4
Error:  Could not read frame chunk: 3770
pid=03: Processing video 4/44: inputs/outdoor_reolink_01/a/01_20230705075958.mp4
Error:  Could not read frame chunk: 2028
pid=03: Processing video 5/44: inputs/outdoor_reolink_01/a/01_20230629015959.mp4
Error:  Could not read frame chunk: 3750
pid=03: Processing video 6/44: inputs/outdoor_reolink_01/a/01_20230628145958_part1.mp4
slurmstepd: error: *** JOB 4700923 ON n128 CANCELLED AT 2024-01-10T10:01:41 ***
